Using pre-set license
Built from '6000.0/release' branch; Version is '6000.0.29f1 (9fafe5c9db65) revision 10465253'; Using compiler version '193933523'; Build Type 'Release'
OS: 'Windows 11  (10.0.22631) 64bit Core' Language: 'ja' Physical Memory: 65114 MB
BatchMode: 1, IsHumanControllingUs: 0, StartBugReporterOnCrash: 0, Is64bit: 1, IsPro: 1

COMMAND LINE ARGUMENTS:
D:\Program Files\Unity Hub\Editor\Unity.exe
-adb2
-batchMode
-noUpm
-name
AssetImportWorker3
-projectPath
D:/kohet/UpUpUp
-logFile
Logs/AssetImportWorker3.log
-srvPort
58614
-job-worker-count
7
-background-job-worker-count
8
-asset-garbage-collectors
1
Successfully changed project path to: D:/kohet/UpUpUp
D:/kohet/UpUpUp
[UnityMemory] Configuration Parameters - Can be set up in boot.config
    "memorysetup-bucket-allocator-granularity=16"
    "memorysetup-bucket-allocator-bucket-count=8"
    "memorysetup-bucket-allocator-block-size=33554432"
    "memorysetup-bucket-allocator-block-count=8"
    "memorysetup-main-allocator-block-size=16777216"
    "memorysetup-thread-allocator-block-size=16777216"
    "memorysetup-gfx-main-allocator-block-size=16777216"
    "memorysetup-gfx-thread-allocator-block-size=16777216"
    "memorysetup-cache-allocator-block-size=4194304"
    "memorysetup-typetree-allocator-block-size=2097152"
    "memorysetup-profiler-bucket-allocator-granularity=16"
    "memorysetup-profiler-bucket-allocator-bucket-count=8"
    "memorysetup-profiler-bucket-allocator-block-size=33554432"
    "memorysetup-profiler-bucket-allocator-block-count=8"
    "memorysetup-profiler-allocator-block-size=16777216"
    "memorysetup-profiler-editor-allocator-block-size=1048576"
    "memorysetup-temp-allocator-size-main=16777216"
    "memorysetup-job-temp-allocator-block-size=2097152"
    "memorysetup-job-temp-allocator-block-size-background=1048576"
    "memorysetup-job-temp-allocator-reduction-small-platforms=262144"
    "memorysetup-allocator-temp-initial-block-size-main=262144"
    "memorysetup-allocator-temp-initial-block-size-worker=262144"
    "memorysetup-temp-allocator-size-background-worker=32768"
    "memorysetup-temp-allocator-size-job-worker=262144"
    "memorysetup-temp-allocator-size-preload-manager=33554432"
    "memorysetup-temp-allocator-size-nav-mesh-worker=65536"
    "memorysetup-temp-allocator-size-audio-worker=65536"
    "memorysetup-temp-allocator-size-cloud-worker=32768"
    "memorysetup-temp-allocator-size-gi-baking-worker=262144"
    "memorysetup-temp-allocator-size-gi-baking-worker=262144"
    "memorysetup-temp-allocator-size-gi-baking-worker=262144"
    "memorysetup-temp-allocator-size-gi-baking-worker=262144"
    "memorysetup-temp-allocator-size-gi-baking-worker=262144"
    "memorysetup-temp-allocator-size-gfx=262144"
Player connection [7172]  Target information:

Player connection [7172]  * "[IP] 192.168.1.60 [Port] 0 [Flags] 2 [Guid] 2397043905 [EditorId] 2397043905 [Version] 1048832 [Id] WindowsEditor(7,DESKTOP-020BEL1) [Debug] 1 [PackageName] WindowsEditor [ProjectName] Editor" 

Player connection [7172] Host joined multi-casting on [225.0.0.222:54997]...
Player connection [7172] Host joined alternative multi-casting on [225.0.0.222:34997]...
JobSystem: Creating JobQueue using job-worker-count value 7
[Physics::Module] Initialized fallback backend.
[Physics::Module] Id: 0xdecafbad
Library Redirect Path: Library/
[Physics::Module] Selected backend.
[Physics::Module] Name: PhysX
[Physics::Module] Id: 0xf2b8ea05
[Physics::Module] SDK Version: 4.1.2
[Physics::Module] Integration Version: 1.0.0
[Physics::Module] Threading Mode: Multi-Threaded
Refreshing native plugins compatible for Editor in 165.44 ms, found 4 plugins.
Preloading 0 native plugins for Editor in 0.00 ms.
Initialize engine version: 6000.0.29f1 (9fafe5c9db65)
[Subsystems] Discovering subsystems at path D:/Program Files/Unity Hub/Editor/Data/Resources/UnitySubsystems
[Subsystems] Discovering subsystems at path D:/kohet/UpUpUp/Assets
GfxDevice: creating device client; kGfxThreadingModeNonThreaded
Direct3D:
    Version:  Direct3D 11.0 [level 11.1]
    Renderer: NVIDIA GeForce RTX 3060 Laptop GPU (ID=0x2520)
    Vendor:   NVIDIA
    VRAM:     5996 MB
    Driver:   32.0.15.5612
Initialize mono
Mono path[0] = 'D:/Program Files/Unity Hub/Editor/Data/Managed'
Mono path[1] = 'D:/Program Files/Unity Hub/Editor/Data/MonoBleedingEdge/lib/mono/unityjit-win32'
Mono config path = 'D:/Program Files/Unity Hub/Editor/Data/MonoBleedingEdge/etc'
Using monoOptions --debugger-agent=transport=dt_socket,embedding=1,server=y,suspend=n,address=127.0.0.1:56472
Begin MonoManager ReloadAssembly
Registering precompiled unity dll's ...
Register platform support module: D:/Program Files/Unity Hub/Editor/Data/PlaybackEngines/WebGLSupport/UnityEditor.WebGL.Extensions.dll
Register platform support module: D:/Program Files/Unity Hub/Editor/Data/PlaybackEngines/MacStandaloneSupport/UnityEditor.OSXStandalone.Extensions.dll
Register platform support module: D:/Program Files/Unity Hub/Editor/Data/PlaybackEngines/WindowsStandaloneSupport/UnityEditor.WindowsStandalone.Extensions.dll
Registered in 0.002525 seconds.
- Loaded All Assemblies, in  1.084 seconds
Native extension for WindowsStandalone target not found
Native extension for OSXStandalone target not found
Native extension for WebGL target not found
Mono: successfully reloaded assembly
- Finished resetting the current domain, in  0.277 seconds
Domain Reload Profiling: 1361ms
	BeginReloadAssembly (124ms)
		ExecutionOrderSort (0ms)
		DisableScriptedObjects (0ms)
		BackupInstance (0ms)
		ReleaseScriptingObjects (0ms)
		CreateAndSetChildDomain (1ms)
	RebuildCommonClasses (192ms)
	RebuildNativeTypeToScriptingClass (12ms)
	initialDomainReloadingComplete (38ms)
	LoadAllAssembliesAndSetupDomain (717ms)
		LoadAssemblies (124ms)
		RebuildTransferFunctionScriptingTraits (0ms)
		AnalyzeDomain (714ms)
			TypeCache.Refresh (712ms)
				TypeCache.ScanAssembly (701ms)
			BuildScriptInfoCaches (0ms)
			ResolveRequiredComponents (0ms)
	FinalizeReload (278ms)
		ReleaseScriptCaches (0ms)
		RebuildScriptCaches (0ms)
		SetupLoadedEditorAssemblies (239ms)
			LogAssemblyErrors (0ms)
			InitializePlatformSupportModulesInManaged (42ms)
			SetLoadedEditorAssemblies (3ms)
			BeforeProcessingInitializeOnLoad (5ms)
			ProcessInitializeOnLoadAttributes (123ms)
			ProcessInitializeOnLoadMethodAttributes (64ms)
			AfterProcessingInitializeOnLoad (2ms)
			EditorAssembliesLoaded (0ms)
		ExecutionOrderSort2 (0ms)
		AwakeInstancesAfterBackupRestoration (0ms)
========================================================================
Worker process is ready to serve import requests
Import Worker Mode flag is 0x00
Begin MonoManager ReloadAssembly
- Loaded All Assemblies, in  0.709 seconds
Refreshing native plugins compatible for Editor in 1.97 ms, found 4 plugins.
Native extension for WindowsStandalone target not found
Native extension for OSXStandalone target not found
Native extension for WebGL target not found
Mono: successfully reloaded assembly
- Finished resetting the current domain, in  1.040 seconds
Domain Reload Profiling: 1748ms
	BeginReloadAssembly (153ms)
		ExecutionOrderSort (0ms)
		DisableScriptedObjects (5ms)
		BackupInstance (0ms)
		ReleaseScriptingObjects (0ms)
		CreateAndSetChildDomain (25ms)
	RebuildCommonClasses (32ms)
	RebuildNativeTypeToScriptingClass (10ms)
	initialDomainReloadingComplete (30ms)
	LoadAllAssembliesAndSetupDomain (482ms)
		LoadAssemblies (308ms)
		RebuildTransferFunctionScriptingTraits (0ms)
		AnalyzeDomain (270ms)
			TypeCache.Refresh (185ms)
				TypeCache.ScanAssembly (169ms)
			BuildScriptInfoCaches (71ms)
			ResolveRequiredComponents (10ms)
	FinalizeReload (1040ms)
		ReleaseScriptCaches (0ms)
		RebuildScriptCaches (0ms)
		SetupLoadedEditorAssemblies (580ms)
			LogAssemblyErrors (0ms)
			InitializePlatformSupportModulesInManaged (4ms)
			SetLoadedEditorAssemblies (6ms)
			BeforeProcessingInitializeOnLoad (59ms)
			ProcessInitializeOnLoadAttributes (409ms)
			ProcessInitializeOnLoadMethodAttributes (98ms)
			AfterProcessingInitializeOnLoad (5ms)
			EditorAssembliesLoaded (0ms)
		ExecutionOrderSort2 (0ms)
		AwakeInstancesAfterBackupRestoration (4ms)
Launched and connected shader compiler UnityShaderCompiler.exe after 0.01 seconds
Refreshing native plugins compatible for Editor in 2.85 ms, found 4 plugins.
Preloading 0 native plugins for Editor in 0.00 ms.
Unloading 205 Unused Serialized files (Serialized files now loaded: 0)
Unloading 6542 unused Assets / (4.4 MB). Loaded Objects now: 7222.
Memory consumption went from 177.3 MB to 172.9 MB.
Total: 13.505000 ms (FindLiveObjects: 0.973400 ms CreateObjectMapping: 1.434800 ms MarkObjects: 7.253100 ms  DeleteObjects: 3.842400 ms)

========================================================================
Received Import Request.
  Time since last request: 105487.565144 seconds.
  path: Assets/prehistoric-platformer/background-elements/bumper.gif
  artifactKey: Guid(df56d79fc9a55a54f84dced68300eebe) Importer(815301076,1909f56bfc062723c751e8b465ee728b)
Start importing Assets/prehistoric-platformer/background-elements/bumper.gif using Guid(df56d79fc9a55a54f84dced68300eebe) Importer(815301076,1909f56bfc062723c751e8b465ee728b) (PreviewImporter) -> (artifact id: '3331d839998de0ff9a682c74639aa8c3') in 0.1410975 seconds
Number of updated asset objects reloaded before import = 0Number of asset objects unloaded after import = 3

========================================================================
Received Import Request.
  Time since last request: 0.000025 seconds.
  path: Assets/prehistoric-platformer/background-elements/fire-meat-preview.gif
  artifactKey: Guid(f78b9a22136dba546a261962daa3ff4c) Importer(815301076,1909f56bfc062723c751e8b465ee728b)
Start importing Assets/prehistoric-platformer/background-elements/fire-meat-preview.gif using Guid(f78b9a22136dba546a261962daa3ff4c) Importer(815301076,1909f56bfc062723c751e8b465ee728b) (PreviewImporter) -> (artifact id: '2fb27d307d4e43f6e23f78cf25b970bd') in 0.0319145 seconds
Number of updated asset objects reloaded before import = 0Number of asset objects unloaded after import = 6

========================================================================
Received Import Request.
  Time since last request: 0.000026 seconds.
  path: Assets/prehistoric-platformer/background-elements/mountain-2.png
  artifactKey: Guid(d3fe60a98e970c44cba58404674b61b2) Importer(815301076,1909f56bfc062723c751e8b465ee728b)
Start importing Assets/prehistoric-platformer/background-elements/mountain-2.png using Guid(d3fe60a98e970c44cba58404674b61b2) Importer(815301076,1909f56bfc062723c751e8b465ee728b) (PreviewImporter) -> (artifact id: '48f0398636c40c70428ed971b5ea9940') in 0.0250331 seconds
Number of updated asset objects reloaded before import = 0Number of asset objects unloaded after import = 3

========================================================================
Received Import Request.
  Time since last request: 0.000024 seconds.
  path: Assets/prehistoric-platformer/background-elements/grass-1.png
  artifactKey: Guid(be7c7503bea85d64f9ebb08b39c4030b) Importer(815301076,1909f56bfc062723c751e8b465ee728b)
Start importing Assets/prehistoric-platformer/background-elements/grass-1.png using Guid(be7c7503bea85d64f9ebb08b39c4030b) Importer(815301076,1909f56bfc062723c751e8b465ee728b) (PreviewImporter) -> (artifact id: '2e1c93520d7141e822fbe2cab26e7c22') in 0.0234676 seconds
Number of updated asset objects reloaded before import = 0Number of asset objects unloaded after import = 3

========================================================================
Received Import Request.
  Time since last request: 0.000026 seconds.
  path: Assets/prehistoric-platformer/background-elements/fragile-block-preview.gif
  artifactKey: Guid(76149ec335450b0478fccd1fb6442258) Importer(815301076,1909f56bfc062723c751e8b465ee728b)
Start importing Assets/prehistoric-platformer/background-elements/fragile-block-preview.gif using Guid(76149ec335450b0478fccd1fb6442258) Importer(815301076,1909f56bfc062723c751e8b465ee728b) (PreviewImporter) -> (artifact id: 'a3ffaf8abd601a8151da9df40c4aabae') in 0.0282059 seconds
Number of updated asset objects reloaded before import = 0Number of asset objects unloaded after import = 3

========================================================================
Received Import Request.
  Time since last request: 0.000021 seconds.
  path: Assets/prehistoric-platformer/background-elements/fire-meat.png
  artifactKey: Guid(1aebb3995b718c74295a536b7d2d101b) Importer(815301076,1909f56bfc062723c751e8b465ee728b)
Start importing Assets/prehistoric-platformer/background-elements/fire-meat.png using Guid(1aebb3995b718c74295a536b7d2d101b) Importer(815301076,1909f56bfc062723c751e8b465ee728b) (PreviewImporter) -> (artifact id: 'a6ce4d61fbdfa4ac6e16832e7e23feba') in 0.047221 seconds
Number of updated asset objects reloaded before import = 0Number of asset objects unloaded after import = 17

========================================================================
Received Import Request.
  Time since last request: 0.000025 seconds.
  path: Assets/prehistoric-platformer/background-elements/rock-3.png
  artifactKey: Guid(b7e3b684df741ee4d9896fd938f26b6d) Importer(815301076,1909f56bfc062723c751e8b465ee728b)
Start importing Assets/prehistoric-platformer/background-elements/rock-3.png using Guid(b7e3b684df741ee4d9896fd938f26b6d) Importer(815301076,1909f56bfc062723c751e8b465ee728b) (PreviewImporter) -> (artifact id: '3223bf6ee821404452dbcec099eeda64') in 0.0187806 seconds
Number of updated asset objects reloaded before import = 0Number of asset objects unloaded after import = 3

========================================================================
Received Import Request.
  Time since last request: 6.105936 seconds.
  path: Assets/prehistoric-platformer/sound/dinosaur-4.wav
  artifactKey: Guid(1518ad680dbe75d4f8a8c43428356142) Importer(815301076,1909f56bfc062723c751e8b465ee728b)
Start importing Assets/prehistoric-platformer/sound/dinosaur-4.wav using Guid(1518ad680dbe75d4f8a8c43428356142) Importer(815301076,1909f56bfc062723c751e8b465ee728b) (PreviewImporter) -> (artifact id: '914a8b8e81605752906cce417946cf1f') in 0.0641264 seconds
Number of updated asset objects reloaded before import = 0Number of asset objects unloaded after import = 2

========================================================================
Received Import Request.
  Time since last request: 0.000017 seconds.
  path: Assets/prehistoric-platformer/sound/wood-1.wav
  artifactKey: Guid(66f0f8c3270757a4fa364407a369f223) Importer(815301076,1909f56bfc062723c751e8b465ee728b)
Start importing Assets/prehistoric-platformer/sound/wood-1.wav using Guid(66f0f8c3270757a4fa364407a369f223) Importer(815301076,1909f56bfc062723c751e8b465ee728b) (PreviewImporter) -> (artifact id: '134fdd3644f4691a6df31436c45321b8') in 0.0127095 seconds
Number of updated asset objects reloaded before import = 0Number of asset objects unloaded after import = 2

========================================================================
Received Import Request.
  Time since last request: 0.000019 seconds.
  path: Assets/prehistoric-platformer/sound/wood-2.wav
  artifactKey: Guid(832fe1331b73eac4bb015416b058754e) Importer(815301076,1909f56bfc062723c751e8b465ee728b)
Start importing Assets/prehistoric-platformer/sound/wood-2.wav using Guid(832fe1331b73eac4bb015416b058754e) Importer(815301076,1909f56bfc062723c751e8b465ee728b) (PreviewImporter) -> (artifact id: '8bde616f5477b328149003b5f8e41529') in 0.014003 seconds
Number of updated asset objects reloaded before import = 0Number of asset objects unloaded after import = 2

========================================================================
Received Import Request.
  Time since last request: 16.019027 seconds.
  path: Assets/prehistoric-platformer/monsters/dragon-2.png
  artifactKey: Guid(3a293dc4253bb134a967836e49a48803) Importer(815301076,1909f56bfc062723c751e8b465ee728b)
Start importing Assets/prehistoric-platformer/monsters/dragon-2.png using Guid(3a293dc4253bb134a967836e49a48803) Importer(815301076,1909f56bfc062723c751e8b465ee728b) (PreviewImporter) -> (artifact id: '53f3bc916f5b5a87b443d7ae3753042d') in 0.0850144 seconds
Number of updated asset objects reloaded before import = 0Number of asset objects unloaded after import = 18

========================================================================
Received Import Request.
  Time since last request: 0.000019 seconds.
  path: Assets/prehistoric-platformer/monsters/tyrannosaurus-1.png
  artifactKey: Guid(f0192f19d87ce0a42acf3b64eacdb2f7) Importer(815301076,1909f56bfc062723c751e8b465ee728b)
Start importing Assets/prehistoric-platformer/monsters/tyrannosaurus-1.png using Guid(f0192f19d87ce0a42acf3b64eacdb2f7) Importer(815301076,1909f56bfc062723c751e8b465ee728b) (PreviewImporter) -> (artifact id: '3be381b55b91df4dc3e5dbb07ed4c5a6') in 0.1010009 seconds
Number of updated asset objects reloaded before import = 0Number of asset objects unloaded after import = 26

========================================================================
Received Import Request.
  Time since last request: 0.000027 seconds.
  path: Assets/prehistoric-platformer/monsters/plant-1.png
  artifactKey: Guid(cd221e8b820b6534381d3e6961e3a04a) Importer(815301076,1909f56bfc062723c751e8b465ee728b)
Start importing Assets/prehistoric-platformer/monsters/plant-1.png using Guid(cd221e8b820b6534381d3e6961e3a04a) Importer(815301076,1909f56bfc062723c751e8b465ee728b) (PreviewImporter) -> (artifact id: '9099d40f26bb8c9998bff7234239afaf') in 0.0963541 seconds
Number of updated asset objects reloaded before import = 0Number of asset objects unloaded after import = 25

========================================================================
Received Import Request.
  Time since last request: 0.000027 seconds.
  path: Assets/prehistoric-platformer/monsters/lizard-2.png
  artifactKey: Guid(7e25f09d695d27540af0afab445203b8) Importer(815301076,1909f56bfc062723c751e8b465ee728b)
Start importing Assets/prehistoric-platformer/monsters/lizard-2.png using Guid(7e25f09d695d27540af0afab445203b8) Importer(815301076,1909f56bfc062723c751e8b465ee728b) (PreviewImporter) -> (artifact id: 'b0ef3fc0904b0b7bfcc732095fee7626') in 0.0602626 seconds
Number of updated asset objects reloaded before import = 0Number of asset objects unloaded after import = 22

========================================================================
Received Import Request.
  Time since last request: 7.923425 seconds.
  path: Assets/prehistoric-platformer/fx/particles/leaf-4.png
  artifactKey: Guid(e7f7b6b8ee110524681d30ae9580cb24) Importer(815301076,1909f56bfc062723c751e8b465ee728b)
Start importing Assets/prehistoric-platformer/fx/particles/leaf-4.png using Guid(e7f7b6b8ee110524681d30ae9580cb24) Importer(815301076,1909f56bfc062723c751e8b465ee728b) (PreviewImporter) -> (artifact id: '578b7cbc2f2ca0a37ec8337d7ad0376b') in 0.0231948 seconds
Number of updated asset objects reloaded before import = 0Number of asset objects unloaded after import = 3

========================================================================
Received Import Request.
  Time since last request: 0.000014 seconds.
  path: Assets/prehistoric-platformer/fx/particles/snow-particle-2.png
  artifactKey: Guid(294b58ec943fb7e45b0a0fe416cf0417) Importer(815301076,1909f56bfc062723c751e8b465ee728b)
Start importing Assets/prehistoric-platformer/fx/particles/snow-particle-2.png using Guid(294b58ec943fb7e45b0a0fe416cf0417) Importer(815301076,1909f56bfc062723c751e8b465ee728b) (PreviewImporter) -> (artifact id: '9eec48964d34e92a0fbf7ad469f68fd7') in 0.0224331 seconds
Number of updated asset objects reloaded before import = 0Number of asset objects unloaded after import = 3

========================================================================
Received Import Request.
  Time since last request: 0.000014 seconds.
  path: Assets/prehistoric-platformer/fx/particles/smoke-particle-3.png
  artifactKey: Guid(b952d59bd9b1ebc40aeda652fa050b7a) Importer(815301076,1909f56bfc062723c751e8b465ee728b)
Start importing Assets/prehistoric-platformer/fx/particles/smoke-particle-3.png using Guid(b952d59bd9b1ebc40aeda652fa050b7a) Importer(815301076,1909f56bfc062723c751e8b465ee728b) (PreviewImporter) -> (artifact id: 'b8b9553f2801b973a61bba7ce325d14a') in 0.0172801 seconds
Number of updated asset objects reloaded before import = 0Number of asset objects unloaded after import = 3

========================================================================
Received Import Request.
  Time since last request: 0.000018 seconds.
  path: Assets/prehistoric-platformer/fx/particles/rain-1.png
  artifactKey: Guid(260b812ffad0c2443ac73e52d710a901) Importer(815301076,1909f56bfc062723c751e8b465ee728b)
Start importing Assets/prehistoric-platformer/fx/particles/rain-1.png using Guid(260b812ffad0c2443ac73e52d710a901) Importer(815301076,1909f56bfc062723c751e8b465ee728b) (PreviewImporter) -> (artifact id: 'a217f77f55bf00e947c49ab712270379') in 0.0185592 seconds
Number of updated asset objects reloaded before import = 0Number of asset objects unloaded after import = 3

========================================================================
Received Import Request.
  Time since last request: 0.000025 seconds.
  path: Assets/prehistoric-platformer/fx/particles/rock-particle-1.png
  artifactKey: Guid(497400677fba95042863878872156cca) Importer(815301076,1909f56bfc062723c751e8b465ee728b)
Start importing Assets/prehistoric-platformer/fx/particles/rock-particle-1.png using Guid(497400677fba95042863878872156cca) Importer(815301076,1909f56bfc062723c751e8b465ee728b) (PreviewImporter) -> (artifact id: '5450d74a03bc2afd41e82838f9e763ab') in 0.0184683 seconds
Number of updated asset objects reloaded before import = 0Number of asset objects unloaded after import = 3

========================================================================
Received Import Request.
  Time since last request: 0.000024 seconds.
  path: Assets/prehistoric-platformer/fx/particles/rock-particle-3.png
  artifactKey: Guid(7c6c9c4cb39e45b4895f04a4b929bbfc) Importer(815301076,1909f56bfc062723c751e8b465ee728b)
Start importing Assets/prehistoric-platformer/fx/particles/rock-particle-3.png using Guid(7c6c9c4cb39e45b4895f04a4b929bbfc) Importer(815301076,1909f56bfc062723c751e8b465ee728b) (PreviewImporter) -> (artifact id: 'b5d46c0984f0d3c72f858e9707b4b382') in 0.0209984 seconds
Number of updated asset objects reloaded before import = 0Number of asset objects unloaded after import = 3

========================================================================
Received Import Request.
  Time since last request: 0.000019 seconds.
  path: Assets/prehistoric-platformer/fx/particles/snow-particle-4.png
  artifactKey: Guid(9ce61f332801ca349876c4321bd0bbd2) Importer(815301076,1909f56bfc062723c751e8b465ee728b)
Start importing Assets/prehistoric-platformer/fx/particles/snow-particle-4.png using Guid(9ce61f332801ca349876c4321bd0bbd2) Importer(815301076,1909f56bfc062723c751e8b465ee728b) (PreviewImporter) -> (artifact id: 'e221c33e04987eb9bfb5df5665d999ba') in 0.0161634 seconds
Number of updated asset objects reloaded before import = 0Number of asset objects unloaded after import = 3

========================================================================
Received Import Request.
  Time since last request: 11.099501 seconds.
  path: Assets/prehistoric-platformer/hud/health-bar-backgound.png
  artifactKey: Guid(bc8a01733a7e8bb4f87002d9fdc1319f) Importer(815301076,1909f56bfc062723c751e8b465ee728b)
Start importing Assets/prehistoric-platformer/hud/health-bar-backgound.png using Guid(bc8a01733a7e8bb4f87002d9fdc1319f) Importer(815301076,1909f56bfc062723c751e8b465ee728b) (PreviewImporter) -> (artifact id: 'a4c318103226f059c6fb45ab20288ccd') in 0.0216078 seconds
Number of updated asset objects reloaded before import = 0Number of asset objects unloaded after import = 3

========================================================================
Received Import Request.
  Time since last request: 0.000018 seconds.
  path: Assets/prehistoric-platformer/hud/inventory-right.png
  artifactKey: Guid(5434f9aa0d445df448aa5cb8498a297f) Importer(815301076,1909f56bfc062723c751e8b465ee728b)
Start importing Assets/prehistoric-platformer/hud/inventory-right.png using Guid(5434f9aa0d445df448aa5cb8498a297f) Importer(815301076,1909f56bfc062723c751e8b465ee728b) (PreviewImporter) -> (artifact id: '8e961c8139d6a56535303b1fc4113107') in 0.0195727 seconds
Number of updated asset objects reloaded before import = 0Number of asset objects unloaded after import = 3

========================================================================
Received Import Request.
  Time since last request: 0.000036 seconds.
  path: Assets/prehistoric-platformer/hud/inventory-case.png
  artifactKey: Guid(853ef04d1b32568499d1972ce51b9361) Importer(815301076,1909f56bfc062723c751e8b465ee728b)
Start importing Assets/prehistoric-platformer/hud/inventory-case.png using Guid(853ef04d1b32568499d1972ce51b9361) Importer(815301076,1909f56bfc062723c751e8b465ee728b) (PreviewImporter) -> (artifact id: 'd0cb949a7e17816169fb5d4de4a3b2f0') in 0.0199891 seconds
Number of updated asset objects reloaded before import = 0Number of asset objects unloaded after import = 3

========================================================================
Received Import Request.
  Time since last request: 11.326445 seconds.
  path: Assets/prehistoric-platformer/items/4.png
  artifactKey: Guid(09cd5533467781a4fb2b11dfd8f5b0f3) Importer(815301076,1909f56bfc062723c751e8b465ee728b)
Start importing Assets/prehistoric-platformer/items/4.png using Guid(09cd5533467781a4fb2b11dfd8f5b0f3) Importer(815301076,1909f56bfc062723c751e8b465ee728b) (PreviewImporter) -> (artifact id: '6d872911630e840af80a31e0405a51b1') in 0.0248655 seconds
Number of updated asset objects reloaded before import = 0Number of asset objects unloaded after import = 3

========================================================================
Received Import Request.
  Time since last request: 0.000025 seconds.
  path: Assets/prehistoric-platformer/items/7.png
  artifactKey: Guid(e94c89543d401b24497546aca754ca10) Importer(815301076,1909f56bfc062723c751e8b465ee728b)
Start importing Assets/prehistoric-platformer/items/7.png using Guid(e94c89543d401b24497546aca754ca10) Importer(815301076,1909f56bfc062723c751e8b465ee728b) (PreviewImporter) -> (artifact id: '7928c6893c5235e632d6bc8a9a4a390f') in 0.0219026 seconds
Number of updated asset objects reloaded before import = 0Number of asset objects unloaded after import = 3

========================================================================
Received Import Request.
  Time since last request: 0.000018 seconds.
  path: Assets/prehistoric-platformer/items/15.png
  artifactKey: Guid(df40c48221af5684d85e0f48b92ba6ab) Importer(815301076,1909f56bfc062723c751e8b465ee728b)
Start importing Assets/prehistoric-platformer/items/15.png using Guid(df40c48221af5684d85e0f48b92ba6ab) Importer(815301076,1909f56bfc062723c751e8b465ee728b) (PreviewImporter) -> (artifact id: 'beb485446385c343175d3bbe54fa7ece') in 0.0193889 seconds
Number of updated asset objects reloaded before import = 0Number of asset objects unloaded after import = 3

========================================================================
Received Import Request.
  Time since last request: 0.000029 seconds.
  path: Assets/prehistoric-platformer/items/22.png
  artifactKey: Guid(8239fcfd04dd95649b2d6be4507d58b4) Importer(815301076,1909f56bfc062723c751e8b465ee728b)
Start importing Assets/prehistoric-platformer/items/22.png using Guid(8239fcfd04dd95649b2d6be4507d58b4) Importer(815301076,1909f56bfc062723c751e8b465ee728b) (PreviewImporter) -> (artifact id: '46d678a4a7434bbd1dbf95fc0531ec29') in 0.0218009 seconds
Number of updated asset objects reloaded before import = 0Number of asset objects unloaded after import = 3

========================================================================
Received Import Request.
  Time since last request: 0.000015 seconds.
  path: Assets/prehistoric-platformer/items/20.png
  artifactKey: Guid(d0a2fdcff8a3fd7409a680d7d4df2090) Importer(815301076,1909f56bfc062723c751e8b465ee728b)
Start importing Assets/prehistoric-platformer/items/20.png using Guid(d0a2fdcff8a3fd7409a680d7d4df2090) Importer(815301076,1909f56bfc062723c751e8b465ee728b) (PreviewImporter) -> (artifact id: 'f96b13e537725a12276894bdba31757a') in 0.0190959 seconds
Number of updated asset objects reloaded before import = 0Number of asset objects unloaded after import = 3

========================================================================
Received Import Request.
  Time since last request: 0.000020 seconds.
  path: Assets/prehistoric-platformer/items/9.png
  artifactKey: Guid(9fd2cabc5d588c24fabf7b0e0eac5f69) Importer(815301076,1909f56bfc062723c751e8b465ee728b)
Start importing Assets/prehistoric-platformer/items/9.png using Guid(9fd2cabc5d588c24fabf7b0e0eac5f69) Importer(815301076,1909f56bfc062723c751e8b465ee728b) (PreviewImporter) -> (artifact id: '8fc6686115b4d7be2139dadb10f2a1a1') in 0.0192724 seconds
Number of updated asset objects reloaded before import = 0Number of asset objects unloaded after import = 3

========================================================================
Received Import Request.
  Time since last request: 0.000016 seconds.
  path: Assets/prehistoric-platformer/items/25.png
  artifactKey: Guid(8aeab2df43536b24d82a4310e031142a) Importer(815301076,1909f56bfc062723c751e8b465ee728b)
Start importing Assets/prehistoric-platformer/items/25.png using Guid(8aeab2df43536b24d82a4310e031142a) Importer(815301076,1909f56bfc062723c751e8b465ee728b) (PreviewImporter) -> (artifact id: '3421d4f08aa00e6a93de8713a12c6de4') in 0.0161456 seconds
Number of updated asset objects reloaded before import = 0Number of asset objects unloaded after import = 3

========================================================================
Received Import Request.
  Time since last request: 0.505145 seconds.
  path: Assets/prehistoric-platformer/items/29.png
  artifactKey: Guid(cf0a5b639f0920e41b3202b8180256b8) Importer(815301076,1909f56bfc062723c751e8b465ee728b)
Start importing Assets/prehistoric-platformer/items/29.png using Guid(cf0a5b639f0920e41b3202b8180256b8) Importer(815301076,1909f56bfc062723c751e8b465ee728b) (PreviewImporter) -> (artifact id: '0b6722750d113b92cf873deb5762a26c') in 0.0235417 seconds
Number of updated asset objects reloaded before import = 0Number of asset objects unloaded after import = 3

========================================================================
Received Import Request.
  Time since last request: 0.000015 seconds.
  path: Assets/prehistoric-platformer/items/31.png
  artifactKey: Guid(b8b4bf05e12e4764aa5221c0e979618d) Importer(815301076,1909f56bfc062723c751e8b465ee728b)
Start importing Assets/prehistoric-platformer/items/31.png using Guid(b8b4bf05e12e4764aa5221c0e979618d) Importer(815301076,1909f56bfc062723c751e8b465ee728b) (PreviewImporter) -> (artifact id: '37b5e18c42c0a8ff2f1531b4a8649b95') in 0.0182361 seconds
Number of updated asset objects reloaded before import = 0Number of asset objects unloaded after import = 3

========================================================================
Received Import Request.
  Time since last request: 0.000013 seconds.
  path: Assets/prehistoric-platformer/items/41.png
  artifactKey: Guid(7baf83903136bd34e8d1234cb2432cd0) Importer(815301076,1909f56bfc062723c751e8b465ee728b)
Start importing Assets/prehistoric-platformer/items/41.png using Guid(7baf83903136bd34e8d1234cb2432cd0) Importer(815301076,1909f56bfc062723c751e8b465ee728b) (PreviewImporter) -> (artifact id: '0b229cd80b4fc9d8ce11440c400fe36a') in 0.0192869 seconds
Number of updated asset objects reloaded before import = 0Number of asset objects unloaded after import = 3

========================================================================
Received Import Request.
  Time since last request: 0.000017 seconds.
  path: Assets/prehistoric-platformer/items/38.png
  artifactKey: Guid(caf908a13add806409a05abc76a18b3a) Importer(815301076,1909f56bfc062723c751e8b465ee728b)
Start importing Assets/prehistoric-platformer/items/38.png using Guid(caf908a13add806409a05abc76a18b3a) Importer(815301076,1909f56bfc062723c751e8b465ee728b) (PreviewImporter) -> (artifact id: '1520d9833151b774f3d582ab5045308d') in 0.0203451 seconds
Number of updated asset objects reloaded before import = 0Number of asset objects unloaded after import = 3

========================================================================
Received Import Request.
  Time since last request: 0.185135 seconds.
  path: Assets/prehistoric-platformer/items/46.png
  artifactKey: Guid(380d034fdf408c840a529c3ce009fd15) Importer(815301076,1909f56bfc062723c751e8b465ee728b)
Start importing Assets/prehistoric-platformer/items/46.png using Guid(380d034fdf408c840a529c3ce009fd15) Importer(815301076,1909f56bfc062723c751e8b465ee728b) (PreviewImporter) -> (artifact id: '48260d4c37b0b2747a19f9d5947a5ab8') in 0.0225026 seconds
Number of updated asset objects reloaded before import = 0Number of asset objects unloaded after import = 3

========================================================================
Received Import Request.
  Time since last request: 0.000016 seconds.
  path: Assets/prehistoric-platformer/items/52.png
  artifactKey: Guid(c3f2c0df313a1e44eaec081020050eda) Importer(815301076,1909f56bfc062723c751e8b465ee728b)
Start importing Assets/prehistoric-platformer/items/52.png using Guid(c3f2c0df313a1e44eaec081020050eda) Importer(815301076,1909f56bfc062723c751e8b465ee728b) (PreviewImporter) -> (artifact id: 'b0e274b5dfa7527850e6d8db9806af9e') in 0.017801 seconds
Number of updated asset objects reloaded before import = 0Number of asset objects unloaded after import = 3

========================================================================
Received Import Request.
  Time since last request: 0.000027 seconds.
  path: Assets/prehistoric-platformer/items/56.png
  artifactKey: Guid(ae8aa951eec0a9947a9594576eafaa9a) Importer(815301076,1909f56bfc062723c751e8b465ee728b)
Start importing Assets/prehistoric-platformer/items/56.png using Guid(ae8aa951eec0a9947a9594576eafaa9a) Importer(815301076,1909f56bfc062723c751e8b465ee728b) (PreviewImporter) -> (artifact id: 'ccf94fa67ce7f0d8f50020634bdffdbf') in 0.0183933 seconds
Number of updated asset objects reloaded before import = 0Number of asset objects unloaded after import = 3

========================================================================
Received Import Request.
  Time since last request: 0.000017 seconds.
  path: Assets/prehistoric-platformer/items/58.png
  artifactKey: Guid(90d93eef0437bed4986f71dcf194bc18) Importer(815301076,1909f56bfc062723c751e8b465ee728b)
Start importing Assets/prehistoric-platformer/items/58.png using Guid(90d93eef0437bed4986f71dcf194bc18) Importer(815301076,1909f56bfc062723c751e8b465ee728b) (PreviewImporter) -> (artifact id: '586dd01173e5d1eb823e708014f5aaf6') in 0.021829 seconds
Number of updated asset objects reloaded before import = 0Number of asset objects unloaded after import = 3

========================================================================
Received Import Request.
  Time since last request: 2.037391 seconds.
  path: Assets/prehistoric-platformer/items/monster-drops.png
  artifactKey: Guid(7a25db7ba244a9a4eb6bf4e56c457bcc) Importer(815301076,1909f56bfc062723c751e8b465ee728b)
Start importing Assets/prehistoric-platformer/items/monster-drops.png using Guid(7a25db7ba244a9a4eb6bf4e56c457bcc) Importer(815301076,1909f56bfc062723c751e8b465ee728b) (PreviewImporter) -> (artifact id: '7912a24083c7104ef9d1078a8fa8baf7') in 0.1156655 seconds
Number of updated asset objects reloaded before import = 0Number of asset objects unloaded after import = 34

========================================================================
Received Import Request.
  Time since last request: 119.220141 seconds.
  path: Assets/2D Pixel Item Pack/Light Outline/S_ItemLightOutline_BarrelGold_00.png
  artifactKey: Guid(fdbe411b4ec35f147900865c997a312d) Importer(815301076,1909f56bfc062723c751e8b465ee728b)
Start importing Assets/2D Pixel Item Pack/Light Outline/S_ItemLightOutline_BarrelGold_00.png using Guid(fdbe411b4ec35f147900865c997a312d) Importer(815301076,1909f56bfc062723c751e8b465ee728b) (PreviewImporter) -> (artifact id: '7f7366c69f582319fb7c1844f8b8ca70') in 0.0193451 seconds
Number of updated asset objects reloaded before import = 0Number of asset objects unloaded after import = 3

========================================================================
Received Import Request.
  Time since last request: 0.000019 seconds.
  path: Assets/2D Pixel Item Pack/Light Outline/S_ItemLightOutline_BarrelGreen_00.png
  artifactKey: Guid(7469631d9db683d4d9ccbefa99f7e81f) Importer(815301076,1909f56bfc062723c751e8b465ee728b)
Start importing Assets/2D Pixel Item Pack/Light Outline/S_ItemLightOutline_BarrelGreen_00.png using Guid(7469631d9db683d4d9ccbefa99f7e81f) Importer(815301076,1909f56bfc062723c751e8b465ee728b) (PreviewImporter) -> (artifact id: '3d61980ca6c92be037d8e2fee6ef89ae') in 0.01735 seconds
Number of updated asset objects reloaded before import = 0Number of asset objects unloaded after import = 3

========================================================================
Received Import Request.
  Time since last request: 0.000018 seconds.
  path: Assets/2D Pixel Item Pack/Light Outline/S_ItemLightOutline_HeartPurple_00.png
  artifactKey: Guid(bff3cf9bf9388d345b4830a9b252c061) Importer(815301076,1909f56bfc062723c751e8b465ee728b)
Start importing Assets/2D Pixel Item Pack/Light Outline/S_ItemLightOutline_HeartPurple_00.png using Guid(bff3cf9bf9388d345b4830a9b252c061) Importer(815301076,1909f56bfc062723c751e8b465ee728b) (PreviewImporter) -> (artifact id: '31c0c2f15a4546c64ffcb12017bf635c') in 0.0189506 seconds
Number of updated asset objects reloaded before import = 0Number of asset objects unloaded after import = 3

========================================================================
Received Import Request.
  Time since last request: 0.000029 seconds.
  path: Assets/2D Pixel Item Pack/Light Outline/S_ItemLightOutline_JarGold_00.png
  artifactKey: Guid(8f1eb9295cb78b44bbdfbfcc04681612) Importer(815301076,1909f56bfc062723c751e8b465ee728b)
Start importing Assets/2D Pixel Item Pack/Light Outline/S_ItemLightOutline_JarGold_00.png using Guid(8f1eb9295cb78b44bbdfbfcc04681612) Importer(815301076,1909f56bfc062723c751e8b465ee728b) (PreviewImporter) -> (artifact id: '7ebe19de850ab061589cb3e2d11b71c9') in 0.0175894 seconds
Number of updated asset objects reloaded before import = 0Number of asset objects unloaded after import = 3

========================================================================
Received Import Request.
  Time since last request: 0.000026 seconds.
  path: Assets/2D Pixel Item Pack/Light Outline/S_ItemLightOutline_CoinGold_00.png
  artifactKey: Guid(b9b6d1769f5cc774594729ad016eb966) Importer(815301076,1909f56bfc062723c751e8b465ee728b)
Start importing Assets/2D Pixel Item Pack/Light Outline/S_ItemLightOutline_CoinGold_00.png using Guid(b9b6d1769f5cc774594729ad016eb966) Importer(815301076,1909f56bfc062723c751e8b465ee728b) (PreviewImporter) -> (artifact id: '1a6141d95762f442d2289bb0ca5d74a1') in 0.0190141 seconds
Number of updated asset objects reloaded before import = 0Number of asset objects unloaded after import = 3

========================================================================
Received Import Request.
  Time since last request: 0.000017 seconds.
  path: Assets/2D Pixel Item Pack/Light Outline/S_ItemLightOutline_HeartRed_00.png
  artifactKey: Guid(f02d96cdbea331f4aa8fc0b1c3260fed) Importer(815301076,1909f56bfc062723c751e8b465ee728b)
Start importing Assets/2D Pixel Item Pack/Light Outline/S_ItemLightOutline_HeartRed_00.png using Guid(f02d96cdbea331f4aa8fc0b1c3260fed) Importer(815301076,1909f56bfc062723c751e8b465ee728b) (PreviewImporter) -> (artifact id: '3b8a158cc3e5f4ddfa84fc3caef8f63c') in 0.0158496 seconds
Number of updated asset objects reloaded before import = 0Number of asset objects unloaded after import = 3

========================================================================
Received Import Request.
  Time since last request: 0.000019 seconds.
  path: Assets/2D Pixel Item Pack/Light Outline/S_ItemLightOutline_ChestPurple_00.png
  artifactKey: Guid(9ae73cc8499d92b4cadf5de943bbfc92) Importer(815301076,1909f56bfc062723c751e8b465ee728b)
Start importing Assets/2D Pixel Item Pack/Light Outline/S_ItemLightOutline_ChestPurple_00.png using Guid(9ae73cc8499d92b4cadf5de943bbfc92) Importer(815301076,1909f56bfc062723c751e8b465ee728b) (PreviewImporter) -> (artifact id: '304b8599fb279895b1a426c29401b703') in 0.0171656 seconds
Number of updated asset objects reloaded before import = 0Number of asset objects unloaded after import = 3

========================================================================
Received Import Request.
  Time since last request: 0.000017 seconds.
  path: Assets/2D Pixel Item Pack/Light Outline/S_ItemLightOutline_HeartGold_00.png
  artifactKey: Guid(e54c6acda6f477d4e98b6e6068d68226) Importer(815301076,1909f56bfc062723c751e8b465ee728b)
Start importing Assets/2D Pixel Item Pack/Light Outline/S_ItemLightOutline_HeartGold_00.png using Guid(e54c6acda6f477d4e98b6e6068d68226) Importer(815301076,1909f56bfc062723c751e8b465ee728b) (PreviewImporter) -> (artifact id: 'b7fb3399dd43955a0b3031afd093a64a') in 0.0131739 seconds
Number of updated asset objects reloaded before import = 0Number of asset objects unloaded after import = 3

========================================================================
Received Import Request.
  Time since last request: 0.000021 seconds.
  path: Assets/2D Pixel Item Pack/Light Outline/S_ItemLightOutline_ChestGold_00.png
  artifactKey: Guid(b91604b41cc7bb74db18d32655bf9212) Importer(815301076,1909f56bfc062723c751e8b465ee728b)
Start importing Assets/2D Pixel Item Pack/Light Outline/S_ItemLightOutline_ChestGold_00.png using Guid(b91604b41cc7bb74db18d32655bf9212) Importer(815301076,1909f56bfc062723c751e8b465ee728b) (PreviewImporter) -> (artifact id: 'b401cf079e9ac5ddd5cb33cae39b3657') in 0.0162089 seconds
Number of updated asset objects reloaded before import = 0Number of asset objects unloaded after import = 3

========================================================================
Received Import Request.
  Time since last request: 0.000045 seconds.
  path: Assets/2D Pixel Item Pack/Light Outline/S_ItemLightOutline_CoinPurple_00.png
  artifactKey: Guid(06121c73941905f4c96a07e46ccef8bc) Importer(815301076,1909f56bfc062723c751e8b465ee728b)
Start importing Assets/2D Pixel Item Pack/Light Outline/S_ItemLightOutline_CoinPurple_00.png using Guid(06121c73941905f4c96a07e46ccef8bc) Importer(815301076,1909f56bfc062723c751e8b465ee728b) (PreviewImporter) -> (artifact id: '32be69579b1b837bef6a825eac5d1d1f') in 0.0140878 seconds
Number of updated asset objects reloaded before import = 0Number of asset objects unloaded after import = 3

========================================================================
Received Import Request.
  Time since last request: 0.000020 seconds.
  path: Assets/2D Pixel Item Pack/Light Outline/S_ItemLightOutline_BarrelRed_00.png
  artifactKey: Guid(87a348abb5bb3b04a994fbe576c7382e) Importer(815301076,1909f56bfc062723c751e8b465ee728b)
Start importing Assets/2D Pixel Item Pack/Light Outline/S_ItemLightOutline_BarrelRed_00.png using Guid(87a348abb5bb3b04a994fbe576c7382e) Importer(815301076,1909f56bfc062723c751e8b465ee728b) (PreviewImporter) -> (artifact id: 'e83634986e52d6536bd5765f069f213b') in 0.0156905 seconds
Number of updated asset objects reloaded before import = 0Number of asset objects unloaded after import = 3

========================================================================
Received Import Request.
  Time since last request: 0.000017 seconds.
  path: Assets/2D Pixel Item Pack/Light Outline/S_ItemLightOutline_ChestRed_00.png
  artifactKey: Guid(56b3f530691a5514d97f5761217f4057) Importer(815301076,1909f56bfc062723c751e8b465ee728b)
Start importing Assets/2D Pixel Item Pack/Light Outline/S_ItemLightOutline_ChestRed_00.png using Guid(56b3f530691a5514d97f5761217f4057) Importer(815301076,1909f56bfc062723c751e8b465ee728b) (PreviewImporter) -> (artifact id: '9efddac13eb0b0ead151631725672e7f') in 0.0150855 seconds
Number of updated asset objects reloaded before import = 0Number of asset objects unloaded after import = 3

========================================================================
Received Import Request.
  Time since last request: 0.367806 seconds.
  path: Assets/2D Pixel Item Pack/Light Outline/S_ItemLightOutline_JarPurple_00.png
  artifactKey: Guid(164454aea5868df45a0cc455f18b5b38) Importer(815301076,1909f56bfc062723c751e8b465ee728b)
Start importing Assets/2D Pixel Item Pack/Light Outline/S_ItemLightOutline_JarPurple_00.png using Guid(164454aea5868df45a0cc455f18b5b38) Importer(815301076,1909f56bfc062723c751e8b465ee728b) (PreviewImporter) -> (artifact id: 'e860406f80f42557c74171bafac46f92') in 0.0143689 seconds
Number of updated asset objects reloaded before import = 0Number of asset objects unloaded after import = 3

========================================================================
Received Import Request.
  Time since last request: 0.000018 seconds.
  path: Assets/2D Pixel Item Pack/Light Outline/S_ItemLightOutline_PotionBlue_02.png
  artifactKey: Guid(9d4876b2fb3f71a4096454de5f85a9b7) Importer(815301076,1909f56bfc062723c751e8b465ee728b)
Start importing Assets/2D Pixel Item Pack/Light Outline/S_ItemLightOutline_PotionBlue_02.png using Guid(9d4876b2fb3f71a4096454de5f85a9b7) Importer(815301076,1909f56bfc062723c751e8b465ee728b) (PreviewImporter) -> (artifact id: 'b4fd23efd024fac41353f9d47b02468d') in 0.0161981 seconds
Number of updated asset objects reloaded before import = 0Number of asset objects unloaded after import = 3

========================================================================
Received Import Request.
  Time since last request: 0.000030 seconds.
  path: Assets/2D Pixel Item Pack/Light Outline/S_ItemLightOutline_PotionGreen_01.png
  artifactKey: Guid(f041a6e4a68d2ac43a7f7b81cbc324a0) Importer(815301076,1909f56bfc062723c751e8b465ee728b)
Start importing Assets/2D Pixel Item Pack/Light Outline/S_ItemLightOutline_PotionGreen_01.png using Guid(f041a6e4a68d2ac43a7f7b81cbc324a0) Importer(815301076,1909f56bfc062723c751e8b465ee728b) (PreviewImporter) -> (artifact id: 'd476d76480565b69e2d3b64fcadd0ead') in 0.0178038 seconds
Number of updated asset objects reloaded before import = 0Number of asset objects unloaded after import = 3

========================================================================
Received Import Request.
  Time since last request: 0.000020 seconds.
  path: Assets/2D Pixel Item Pack/Light Outline/S_ItemLightOutline_JarPurple_01.png
  artifactKey: Guid(d8ef600d59c84444c9013fc5e0278f08) Importer(815301076,1909f56bfc062723c751e8b465ee728b)
Start importing Assets/2D Pixel Item Pack/Light Outline/S_ItemLightOutline_JarPurple_01.png using Guid(d8ef600d59c84444c9013fc5e0278f08) Importer(815301076,1909f56bfc062723c751e8b465ee728b) (PreviewImporter) -> (artifact id: 'b79e7ce72a2556774977470024285032') in 0.0180793 seconds
Number of updated asset objects reloaded before import = 0Number of asset objects unloaded after import = 3

========================================================================
Received Import Request.
  Time since last request: 0.000019 seconds.
  path: Assets/2D Pixel Item Pack/Light Outline/S_ItemLightOutline_PotionGold_00.png
  artifactKey: Guid(c8bdd335029a8294689a5fb138a9cfd9) Importer(815301076,1909f56bfc062723c751e8b465ee728b)
Start importing Assets/2D Pixel Item Pack/Light Outline/S_ItemLightOutline_PotionGold_00.png using Guid(c8bdd335029a8294689a5fb138a9cfd9) Importer(815301076,1909f56bfc062723c751e8b465ee728b) (PreviewImporter) -> (artifact id: 'f1a27e8ddd5a95d7243d7f5e7639f660') in 0.0170647 seconds
Number of updated asset objects reloaded before import = 0Number of asset objects unloaded after import = 3

========================================================================
Received Import Request.
  Time since last request: 0.000036 seconds.
  path: Assets/2D Pixel Item Pack/Light Outline/S_ItemLightOutline_PotionGold_01.png
  artifactKey: Guid(b59a71db9878ce648a8338095027dce2) Importer(815301076,1909f56bfc062723c751e8b465ee728b)
Start importing Assets/2D Pixel Item Pack/Light Outline/S_ItemLightOutline_PotionGold_01.png using Guid(b59a71db9878ce648a8338095027dce2) Importer(815301076,1909f56bfc062723c751e8b465ee728b) (PreviewImporter) -> (artifact id: '6e0ba24966234256cdd16d79d4919509') in 0.0173633 seconds
Number of updated asset objects reloaded before import = 0Number of asset objects unloaded after import = 3

========================================================================
Received Import Request.
  Time since last request: 0.000018 seconds.
  path: Assets/2D Pixel Item Pack/Light Outline/S_ItemLightOutline_PotionPurple_00.png
  artifactKey: Guid(85fe961d8b8fb094584962eecb48d07b) Importer(815301076,1909f56bfc062723c751e8b465ee728b)
Start importing Assets/2D Pixel Item Pack/Light Outline/S_ItemLightOutline_PotionPurple_00.png using Guid(85fe961d8b8fb094584962eecb48d07b) Importer(815301076,1909f56bfc062723c751e8b465ee728b) (PreviewImporter) -> (artifact id: '8adbf2055fd8af151f2323e59326a714') in 0.0162839 seconds
Number of updated asset objects reloaded before import = 0Number of asset objects unloaded after import = 3

========================================================================
Received Import Request.
  Time since last request: 0.000018 seconds.
  path: Assets/2D Pixel Item Pack/Light Outline/S_ItemLightOutline_PotionBlue_00.png
  artifactKey: Guid(3537a5fae4d316c49a98ea7aeb6bb3ec) Importer(815301076,1909f56bfc062723c751e8b465ee728b)
Start importing Assets/2D Pixel Item Pack/Light Outline/S_ItemLightOutline_PotionBlue_00.png using Guid(3537a5fae4d316c49a98ea7aeb6bb3ec) Importer(815301076,1909f56bfc062723c751e8b465ee728b) (PreviewImporter) -> (artifact id: '336ccb6a9f47ad2c437f7186a3073994') in 0.0169186 seconds
Number of updated asset objects reloaded before import = 0Number of asset objects unloaded after import = 3

========================================================================
Received Import Request.
  Time since last request: 0.079346 seconds.
  path: Assets/2D Pixel Item Pack/Light Outline/S_ItemLightOutline_PotionRed_00.png
  artifactKey: Guid(dc98641484cb3724f9161856d6b33124) Importer(815301076,1909f56bfc062723c751e8b465ee728b)
Start importing Assets/2D Pixel Item Pack/Light Outline/S_ItemLightOutline_PotionRed_00.png using Guid(dc98641484cb3724f9161856d6b33124) Importer(815301076,1909f56bfc062723c751e8b465ee728b) (PreviewImporter) -> (artifact id: '2172cbb52990dda21467fa890b689544') in 0.0165923 seconds
Number of updated asset objects reloaded before import = 0Number of asset objects unloaded after import = 3

========================================================================
Received Import Request.
  Time since last request: 0.000020 seconds.
  path: Assets/2D Pixel Item Pack/Light Outline/S_ItemLightOutline_PotionRed_01.png
  artifactKey: Guid(dd86867da9990584a9dc706d08a29150) Importer(815301076,1909f56bfc062723c751e8b465ee728b)
Start importing Assets/2D Pixel Item Pack/Light Outline/S_ItemLightOutline_PotionRed_01.png using Guid(dd86867da9990584a9dc706d08a29150) Importer(815301076,1909f56bfc062723c751e8b465ee728b) (PreviewImporter) -> (artifact id: '89dedcaefeee38d23f60ba3287f3cbb9') in 0.0158597 seconds
Number of updated asset objects reloaded before import = 0Number of asset objects unloaded after import = 3

Editor requested this worker to shutdown with reason: Scaling down because of idle timeout
AssetImportWorker is now disconnected from the server
Process exiting
Exiting without the bug reporter. Application will terminate with return code 0